# JRE version: OpenJDK Runtime Environment (21.0+35) (build 21+35-2513)
# Java VM: OpenJDK 64-Bit Server VM (21+35-2513, mixed mode, emulated-client, sharing, tiered, compressed oops, compressed class ptrs, g1 gc, windows-amd64)
GC Precious Log:
 CardTable entry size: 512
 Card Set container configuration: InlinePtr #cards 4 size 8 Array Of Cards #cards 16 size 48 Howl #buckets 8 coarsen threshold 3686 Howl Bitmap #cards 512 size 80 coarsen threshold 460 Card regions per heap region 1 cards per card region 4096
 CPUs: 16 total, 16 available
 Memory: 15791M
 Large Page Support: Disabled
 NUMA Support: Disabled
 Compressed Oops: Enabled (Zero based)
 Heap Region Size: 2M
 Heap Min Capacity: 8M
 Heap Initial Capacity: 248M
 Heap Max Capacity: 3948M
 Pre-touch: Disabled
 Parallel Workers: 13
 Concurrent Workers: 3
 Concurrent Refinement Workers: 13
 Periodic GC: Disabled
Heap:
 garbage-first heap   total 79872K, used 58617K [0x0000000709400000, 0x0000000800000000)
  region size 2048K, 15 young (30720K), 2 survivors (4096K)
 Metaspace       used 75427K, committed 76288K, reserved 1114112K
  class space    used 10643K, committed 11008K, reserved 1048576K
GC Heap History (20 events):
Event: 2.129 GC heap before
{Heap before GC invocations=4 (full 0):
 garbage-first heap   total 55296K, used 54412K [0x0000000709400000, 0x0000000800000000)
  region size 2048K, 23 young (47104K), 2 survivors (4096K)
 Metaspace       used 21723K, committed 22080K, reserved 1114112K
  class space    used 2825K, committed 3008K, reserved 1048576K
}
Event: 2.133 GC heap after
{Heap after GC invocations=5 (full 0):
 garbage-first heap   total 63488K, used 14970K [0x0000000709400000, 0x0000000800000000)
  region size 2048K, 4 young (8192K), 4 survivors (8192K)
 Metaspace       used 21723K, committed 22080K, reserved 1114112K
  class space    used 2825K, committed 3008K, reserved 1048576K
}
Event: 2.485 GC heap before
{Heap before GC invocations=5 (full 0):
 garbage-first heap   total 63488K, used 43642K [0x0000000709400000, 0x0000000800000000)
  region size 2048K, 18 young (36864K), 4 survivors (8192K)
 Metaspace       used 23444K, committed 23808K, reserved 1114112K
  class space    used 3076K, committed 3264K, reserved 1048576K
}
Event: 2.490 GC heap after
{Heap after GC invocations=6 (full 0):
 garbage-first heap   total 63488K, used 16142K [0x0000000709400000, 0x0000000800000000)
  region size 2048K, 1 young (2048K), 1 survivors (2048K)
 Metaspace       used 23444K, committed 23808K, reserved 1114112K
  class space    used 3076K, committed 3264K, reserved 1048576K
}
Event: 2.862 GC heap before
{Heap before GC invocations=6 (full 0):
 garbage-first heap   total 63488K, used 40718K [0x0000000709400000, 0x0000000800000000)
  region size 2048K, 14 young (28672K), 1 survivors (2048K)
 Metaspace       used 26748K, committed 27200K, reserved 1114112K
  class space    used 3572K, committed 3776K, reserved 1048576K
}
Event: 2.864 GC heap after
{Heap after GC invocations=7 (full 0):
 garbage-first heap   total 63488K, used 17768K [0x0000000709400000, 0x0000000800000000)
  region size 2048K, 2 young (4096K), 2 survivors (4096K)
 Metaspace       used 26748K, committed 27200K, reserved 1114112K
  class space    used 3572K, committed 3776K, reserved 1048576K
}
Event: 3.361 GC heap before
{Heap before GC invocations=8 (full 0):
 garbage-first heap   total 63488K, used 50536K [0x0000000709400000, 0x0000000800000000)
  region size 2048K, 18 young (36864K), 2 survivors (4096K)
 Metaspace       used 30998K, committed 31616K, reserved 1114112K
  class space    used 4172K, committed 4480K, reserved 1048576K
}
Event: 3.365 GC heap after
{Heap after GC invocations=9 (full 0):
 garbage-first heap   total 79872K, used 20814K [0x0000000709400000, 0x0000000800000000)
  region size 2048K, 3 young (6144K), 3 survivors (6144K)
 Metaspace       used 30998K, committed 31616K, reserved 1114112K
  class space    used 4172K, committed 4480K, reserved 1048576K
}
Event: 4.010 GC heap before
{Heap before GC invocations=9 (full 0):
 garbage-first heap   total 79872K, used 61774K [0x0000000709400000, 0x0000000800000000)
  region size 2048K, 23 young (47104K), 3 survivors (6144K)
 Metaspace       used 39368K, committed 40000K, reserved 1114112K
  class space    used 5300K, committed 5568K, reserved 1048576K
}
Event: 4.015 GC heap after
{Heap after GC invocations=10 (full 0):
 garbage-first heap   total 79872K, used 22632K [0x0000000709400000, 0x0000000800000000)
  region size 2048K, 3 young (6144K), 3 survivors (6144K)
 Metaspace       used 39368K, committed 40000K, reserved 1114112K
  class space    used 5300K, committed 5568K, reserved 1048576K
}
Event: 4.390 GC heap before
{Heap before GC invocations=10 (full 0):
 garbage-first heap   total 79872K, used 51304K [0x0000000709400000, 0x0000000800000000)
  region size 2048K, 18 young (36864K), 3 survivors (6144K)
 Metaspace       used 44854K, committed 45440K, reserved 1114112K
  class space    used 6110K, committed 6400K, reserved 1048576K
}
Event: 4.394 GC heap after
{Heap after GC invocations=11 (full 0):
 garbage-first heap   total 79872K, used 24269K [0x0000000709400000, 0x0000000800000000)
  region size 2048K, 2 young (4096K), 2 survivors (4096K)
 Metaspace       used 44854K, committed 45440K, reserved 1114112K
  class space    used 6110K, committed 6400K, reserved 1048576K
}
Event: 4.966 GC heap before
{Heap before GC invocations=12 (full 0):
 garbage-first heap   total 79872K, used 67277K [0x0000000709400000, 0x0000000800000000)
  region size 2048K, 23 young (47104K), 2 survivors (4096K)
 Metaspace       used 54666K, committed 55360K, reserved 1114112K
  class space    used 7687K, committed 8000K, reserved 1048576K
}
Event: 4.969 GC heap after
{Heap after GC invocations=13 (full 0):
 garbage-first heap   total 79872K, used 26108K [0x0000000709400000, 0x0000000800000000)
  region size 2048K, 2 young (4096K), 2 survivors (4096K)
 Metaspace       used 54666K, committed 55360K, reserved 1114112K
  class space    used 7687K, committed 8000K, reserved 1048576K
}
Event: 5.614 GC heap before
{Heap before GC invocations=13 (full 0):
 garbage-first heap   total 79872K, used 69116K [0x0000000709400000, 0x0000000800000000)
  region size 2048K, 23 young (47104K), 2 survivors (4096K)
 Metaspace       used 61186K, committed 61952K, reserved 1114112K
  class space    used 8608K, committed 8960K, reserved 1048576K
}
Event: 5.619 GC heap after
{Heap after GC invocations=14 (full 0):
 garbage-first heap   total 79872K, used 29072K [0x0000000709400000, 0x0000000800000000)
  region size 2048K, 3 young (6144K), 3 survivors (6144K)
 Metaspace       used 61186K, committed 61952K, reserved 1114112K
  class space    used 8608K, committed 8960K, reserved 1048576K
}
Event: 6.127 GC heap before
{Heap before GC invocations=14 (full 0):
 garbage-first heap   total 79872K, used 65936K [0x0000000709400000, 0x0000000800000000)
  region size 2048K, 21 young (43008K), 3 survivors (6144K)
 Metaspace       used 65223K, committed 66112K, reserved 1114112K
  class space    used 9277K, committed 9664K, reserved 1048576K
}
Event: 6.132 GC heap after
{Heap after GC invocations=15 (full 0):
 garbage-first heap   total 79872K, used 33308K [0x0000000709400000, 0x0000000800000000)
  region size 2048K, 2 young (4096K), 2 survivors (4096K)
 Metaspace       used 65223K, committed 66112K, reserved 1114112K
  class space    used 9277K, committed 9664K, reserved 1048576K
}
Event: 38.447 GC heap before
{Heap before GC invocations=15 (full 0):
 garbage-first heap   total 79872K, used 68124K [0x0000000709400000, 0x0000000800000000)
  region size 2048K, 19 young (38912K), 2 survivors (4096K)
 Metaspace       used 70320K, committed 71232K, reserved 1114112K
  class space    used 9964K, committed 10368K, reserved 1048576K
}
Event: 38.451 GC heap after
{Heap after GC invocations=16 (full 0):
 garbage-first heap   total 79872K, used 36089K [0x0000000709400000, 0x0000000800000000)
  region size 2048K, 2 young (4096K), 2 survivors (4096K)
 Metaspace       used 70320K, committed 71232K, reserved 1114112K
  class space    used 9964K, committed 10368K, reserved 1048576K
}

